                                      1 ;--------------------------------------------------------
                                      2 ; File Created by SDCC : free open source ISO C Compiler
                                      3 ; Version 4.5.0 #15242 (Linux)
                                      4 ;--------------------------------------------------------
                                      5 	.module main
                                      6 	
                                      7 	.optsdcc -mmcs51 --model-small
                                      8 ;--------------------------------------------------------
                                      9 ; Public variables in this module
                                     10 ;--------------------------------------------------------
                                     11 	.globl _main
                                     12 	.globl _platform_init
                                     13 	.globl _EA
                                     14 	.globl _ELVD
                                     15 	.globl _EADC
                                     16 	.globl _ES
                                     17 	.globl _ET1
                                     18 	.globl _EX1
                                     19 	.globl _ET0
                                     20 	.globl _EX0
                                     21 	.globl _P7_7
                                     22 	.globl _P7_6
                                     23 	.globl _P7_5
                                     24 	.globl _P7_4
                                     25 	.globl _P7_3
                                     26 	.globl _P7_2
                                     27 	.globl _P7_1
                                     28 	.globl _P7_0
                                     29 	.globl _P6_7
                                     30 	.globl _P6_6
                                     31 	.globl _P6_5
                                     32 	.globl _P6_4
                                     33 	.globl _P6_3
                                     34 	.globl _P6_2
                                     35 	.globl _P6_1
                                     36 	.globl _P6_0
                                     37 	.globl _P5_5
                                     38 	.globl _P5_4
                                     39 	.globl _P5_3
                                     40 	.globl _P5_2
                                     41 	.globl _P5_1
                                     42 	.globl _P5_0
                                     43 	.globl _P4_7
                                     44 	.globl _P4_6
                                     45 	.globl _P4_5
                                     46 	.globl _P4_4
                                     47 	.globl _P4_3
                                     48 	.globl _P4_2
                                     49 	.globl _P4_1
                                     50 	.globl _P4_0
                                     51 	.globl _P3_7
                                     52 	.globl _P3_6
                                     53 	.globl _P3_5
                                     54 	.globl _P3_4
                                     55 	.globl _P3_3
                                     56 	.globl _P3_2
                                     57 	.globl _P3_1
                                     58 	.globl _P3_0
                                     59 	.globl _P2_7
                                     60 	.globl _P2_6
                                     61 	.globl _P2_5
                                     62 	.globl _P2_4
                                     63 	.globl _P2_3
                                     64 	.globl _P2_2
                                     65 	.globl _P2_1
                                     66 	.globl _P2_0
                                     67 	.globl _P1_7
                                     68 	.globl _P1_6
                                     69 	.globl _P1_5
                                     70 	.globl _P1_4
                                     71 	.globl _P1_3
                                     72 	.globl _P1_2
                                     73 	.globl _P1_1
                                     74 	.globl _P1_0
                                     75 	.globl _P0_7
                                     76 	.globl _P0_6
                                     77 	.globl _P0_5
                                     78 	.globl _P0_4
                                     79 	.globl _P0_3
                                     80 	.globl _P0_2
                                     81 	.globl _P0_1
                                     82 	.globl _P0_0
                                     83 	.globl _IAP_TPS
                                     84 	.globl _IAP_CONTR
                                     85 	.globl _IAP_TRIG
                                     86 	.globl _IAP_CMD
                                     87 	.globl _IAP_ADDRL
                                     88 	.globl _IAP_ADDRH
                                     89 	.globl _IAP_DATA
                                     90 	.globl _IP3H
                                     91 	.globl _IP3
                                     92 	.globl _IP2H
                                     93 	.globl _IP2
                                     94 	.globl _IPH
                                     95 	.globl _IP
                                     96 	.globl _INTCLKO
                                     97 	.globl _IE2
                                     98 	.globl _IE
                                     99 	.globl _AUXR
                                    100 	.globl _TH1
                                    101 	.globl _TH0
                                    102 	.globl _TL1
                                    103 	.globl _TL0
                                    104 	.globl _TMOD
                                    105 	.globl _TCON
                                    106 	.globl _PCON
                                    107 	.globl _SBUF
                                    108 	.globl _SCON
                                    109 	.globl _P7M0
                                    110 	.globl _P7M1
                                    111 	.globl _P7
                                    112 	.globl _P6M0
                                    113 	.globl _P6M1
                                    114 	.globl _P6
                                    115 	.globl _P5M0
                                    116 	.globl _P5M1
                                    117 	.globl _P5
                                    118 	.globl _P4M0
                                    119 	.globl _P4M1
                                    120 	.globl _P4
                                    121 	.globl _P3M0
                                    122 	.globl _P3M1
                                    123 	.globl _P3
                                    124 	.globl _P2M0
                                    125 	.globl _P2M1
                                    126 	.globl _P2
                                    127 	.globl _P1M0
                                    128 	.globl _P1M1
                                    129 	.globl _P1
                                    130 	.globl _P0M0
                                    131 	.globl _P0M1
                                    132 	.globl _P0
                                    133 ;--------------------------------------------------------
                                    134 ; special function registers
                                    135 ;--------------------------------------------------------
                                    136 	.area RSEG    (ABS,DATA)
      000000                        137 	.org 0x0000
                           000080   138 _P0	=	0x0080
                           000093   139 _P0M1	=	0x0093
                           000094   140 _P0M0	=	0x0094
                           000090   141 _P1	=	0x0090
                           000091   142 _P1M1	=	0x0091
                           000092   143 _P1M0	=	0x0092
                           0000A0   144 _P2	=	0x00a0
                           000095   145 _P2M1	=	0x0095
                           000096   146 _P2M0	=	0x0096
                           0000B0   147 _P3	=	0x00b0
                           0000B1   148 _P3M1	=	0x00b1
                           0000B2   149 _P3M0	=	0x00b2
                           0000C0   150 _P4	=	0x00c0
                           0000B3   151 _P4M1	=	0x00b3
                           0000B4   152 _P4M0	=	0x00b4
                           0000C8   153 _P5	=	0x00c8
                           0000C9   154 _P5M1	=	0x00c9
                           0000CA   155 _P5M0	=	0x00ca
                           0000E8   156 _P6	=	0x00e8
                           0000CB   157 _P6M1	=	0x00cb
                           0000CC   158 _P6M0	=	0x00cc
                           0000F8   159 _P7	=	0x00f8
                           0000E1   160 _P7M1	=	0x00e1
                           0000E2   161 _P7M0	=	0x00e2
                           000098   162 _SCON	=	0x0098
                           000099   163 _SBUF	=	0x0099
                           000087   164 _PCON	=	0x0087
                           000088   165 _TCON	=	0x0088
                           000089   166 _TMOD	=	0x0089
                           00008A   167 _TL0	=	0x008a
                           00008B   168 _TL1	=	0x008b
                           00008C   169 _TH0	=	0x008c
                           00008D   170 _TH1	=	0x008d
                           00008E   171 _AUXR	=	0x008e
                           0000A8   172 _IE	=	0x00a8
                           0000AF   173 _IE2	=	0x00af
                           00008F   174 _INTCLKO	=	0x008f
                           0000B8   175 _IP	=	0x00b8
                           0000B7   176 _IPH	=	0x00b7
                           0000B5   177 _IP2	=	0x00b5
                           0000B6   178 _IP2H	=	0x00b6
                           0000DF   179 _IP3	=	0x00df
                           0000EE   180 _IP3H	=	0x00ee
                           0000C2   181 _IAP_DATA	=	0x00c2
                           0000C3   182 _IAP_ADDRH	=	0x00c3
                           0000C4   183 _IAP_ADDRL	=	0x00c4
                           0000C5   184 _IAP_CMD	=	0x00c5
                           0000C6   185 _IAP_TRIG	=	0x00c6
                           0000C7   186 _IAP_CONTR	=	0x00c7
                           0000F5   187 _IAP_TPS	=	0x00f5
                                    188 ;--------------------------------------------------------
                                    189 ; special function bits
                                    190 ;--------------------------------------------------------
                                    191 	.area RSEG    (ABS,DATA)
      000000                        192 	.org 0x0000
                           000080   193 _P0_0	=	0x0080
                           000081   194 _P0_1	=	0x0081
                           000082   195 _P0_2	=	0x0082
                           000083   196 _P0_3	=	0x0083
                           000084   197 _P0_4	=	0x0084
                           000085   198 _P0_5	=	0x0085
                           000086   199 _P0_6	=	0x0086
                           000087   200 _P0_7	=	0x0087
                           000090   201 _P1_0	=	0x0090
                           000091   202 _P1_1	=	0x0091
                           000092   203 _P1_2	=	0x0092
                           000093   204 _P1_3	=	0x0093
                           000094   205 _P1_4	=	0x0094
                           000095   206 _P1_5	=	0x0095
                           000096   207 _P1_6	=	0x0096
                           000097   208 _P1_7	=	0x0097
                           0000A0   209 _P2_0	=	0x00a0
                           0000A1   210 _P2_1	=	0x00a1
                           0000A2   211 _P2_2	=	0x00a2
                           0000A3   212 _P2_3	=	0x00a3
                           0000A4   213 _P2_4	=	0x00a4
                           0000A5   214 _P2_5	=	0x00a5
                           0000A6   215 _P2_6	=	0x00a6
                           0000A7   216 _P2_7	=	0x00a7
                           0000B0   217 _P3_0	=	0x00b0
                           0000B1   218 _P3_1	=	0x00b1
                           0000B2   219 _P3_2	=	0x00b2
                           0000B3   220 _P3_3	=	0x00b3
                           0000B4   221 _P3_4	=	0x00b4
                           0000B5   222 _P3_5	=	0x00b5
                           0000B6   223 _P3_6	=	0x00b6
                           0000B7   224 _P3_7	=	0x00b7
                           0000C0   225 _P4_0	=	0x00c0
                           0000C1   226 _P4_1	=	0x00c1
                           0000C2   227 _P4_2	=	0x00c2
                           0000C3   228 _P4_3	=	0x00c3
                           0000C4   229 _P4_4	=	0x00c4
                           0000C5   230 _P4_5	=	0x00c5
                           0000C6   231 _P4_6	=	0x00c6
                           0000C7   232 _P4_7	=	0x00c7
                           0000C8   233 _P5_0	=	0x00c8
                           0000C9   234 _P5_1	=	0x00c9
                           0000CA   235 _P5_2	=	0x00ca
                           0000CB   236 _P5_3	=	0x00cb
                           0000CC   237 _P5_4	=	0x00cc
                           0000CD   238 _P5_5	=	0x00cd
                           0000E8   239 _P6_0	=	0x00e8
                           0000E9   240 _P6_1	=	0x00e9
                           0000EA   241 _P6_2	=	0x00ea
                           0000EB   242 _P6_3	=	0x00eb
                           0000EC   243 _P6_4	=	0x00ec
                           0000ED   244 _P6_5	=	0x00ed
                           0000EE   245 _P6_6	=	0x00ee
                           0000EF   246 _P6_7	=	0x00ef
                           0000F8   247 _P7_0	=	0x00f8
                           0000F9   248 _P7_1	=	0x00f9
                           0000FA   249 _P7_2	=	0x00fa
                           0000FB   250 _P7_3	=	0x00fb
                           0000FC   251 _P7_4	=	0x00fc
                           0000FD   252 _P7_5	=	0x00fd
                           0000FE   253 _P7_6	=	0x00fe
                           0000FF   254 _P7_7	=	0x00ff
                           0000A8   255 _EX0	=	0x00a8
                           0000A9   256 _ET0	=	0x00a9
                           0000AA   257 _EX1	=	0x00aa
                           0000AB   258 _ET1	=	0x00ab
                           0000AC   259 _ES	=	0x00ac
                           0000AD   260 _EADC	=	0x00ad
                           0000AE   261 _ELVD	=	0x00ae
                           0000AF   262 _EA	=	0x00af
                                    263 ;--------------------------------------------------------
                                    264 ; overlayable register banks
                                    265 ;--------------------------------------------------------
                                    266 	.area REG_BANK_0	(REL,OVR,DATA)
      000000                        267 	.ds 8
                                    268 ;--------------------------------------------------------
                                    269 ; internal ram data
                                    270 ;--------------------------------------------------------
                                    271 	.area DSEG    (DATA)
                                    272 ;--------------------------------------------------------
                                    273 ; overlayable items in internal ram
                                    274 ;--------------------------------------------------------
                                    275 ;--------------------------------------------------------
                                    276 ; Stack segment in internal ram
                                    277 ;--------------------------------------------------------
                                    278 	.area SSEG
      000000                        279 __start__stack:
      000000                        280 	.ds	1
                                    281 
                                    282 ;--------------------------------------------------------
                                    283 ; indirectly addressable internal ram data
                                    284 ;--------------------------------------------------------
                                    285 	.area ISEG    (DATA)
                                    286 ;--------------------------------------------------------
                                    287 ; absolute internal ram data
                                    288 ;--------------------------------------------------------
                                    289 	.area IABS    (ABS,DATA)
                                    290 	.area IABS    (ABS,DATA)
                                    291 ;--------------------------------------------------------
                                    292 ; bit data
                                    293 ;--------------------------------------------------------
                                    294 	.area BSEG    (BIT)
                                    295 ;--------------------------------------------------------
                                    296 ; paged external ram data
                                    297 ;--------------------------------------------------------
                                    298 	.area PSEG    (PAG,XDATA)
                                    299 ;--------------------------------------------------------
                                    300 ; uninitialized external ram data
                                    301 ;--------------------------------------------------------
                                    302 	.area XSEG    (XDATA)
                                    303 ;--------------------------------------------------------
                                    304 ; absolute external ram data
                                    305 ;--------------------------------------------------------
                                    306 	.area XABS    (ABS,XDATA)
                                    307 ;--------------------------------------------------------
                                    308 ; initialized external ram data
                                    309 ;--------------------------------------------------------
                                    310 	.area XISEG   (XDATA)
                                    311 	.area HOME    (CODE)
                                    312 	.area GSINIT0 (CODE)
                                    313 	.area GSINIT1 (CODE)
                                    314 	.area GSINIT2 (CODE)
                                    315 	.area GSINIT3 (CODE)
                                    316 	.area GSINIT4 (CODE)
                                    317 	.area GSINIT5 (CODE)
                                    318 	.area GSINIT  (CODE)
                                    319 	.area GSFINAL (CODE)
                                    320 	.area CSEG    (CODE)
                                    321 ;--------------------------------------------------------
                                    322 ; interrupt vector
                                    323 ;--------------------------------------------------------
                                    324 	.area HOME    (CODE)
      000000                        325 __interrupt_vect:
      000000 02r00r00         [24]  326 	ljmp	__sdcc_gsinit_startup
                                    327 ; restartable atomic support routines
      000003                        328 	.ds	5
      000008                        329 sdcc_atomic_exchange_rollback_start::
      000008 00               [12]  330 	nop
      000009 00               [12]  331 	nop
      00000A                        332 sdcc_atomic_exchange_pdata_impl:
      00000A E2               [24]  333 	movx	a, @r0
      00000B FB               [12]  334 	mov	r3, a
      00000C EA               [12]  335 	mov	a, r2
      00000D F2               [24]  336 	movx	@r0, a
      00000E 80 2C            [24]  337 	sjmp	sdcc_atomic_exchange_exit
      000010 00               [12]  338 	nop
      000011 00               [12]  339 	nop
      000012                        340 sdcc_atomic_exchange_xdata_impl:
      000012 E0               [24]  341 	movx	a, @dptr
      000013 FB               [12]  342 	mov	r3, a
      000014 EA               [12]  343 	mov	a, r2
      000015 F0               [24]  344 	movx	@dptr, a
      000016 80 24            [24]  345 	sjmp	sdcc_atomic_exchange_exit
      000018                        346 sdcc_atomic_compare_exchange_idata_impl:
      000018 E6               [12]  347 	mov	a, @r0
      000019 B5 02 02         [24]  348 	cjne	a, ar2, .+#5
      00001C EB               [12]  349 	mov	a, r3
      00001D F6               [12]  350 	mov	@r0, a
      00001E 22               [24]  351 	ret
      00001F 00               [12]  352 	nop
      000020                        353 sdcc_atomic_compare_exchange_pdata_impl:
      000020 E2               [24]  354 	movx	a, @r0
      000021 B5 02 02         [24]  355 	cjne	a, ar2, .+#5
      000024 EB               [12]  356 	mov	a, r3
      000025 F2               [24]  357 	movx	@r0, a
      000026 22               [24]  358 	ret
      000027 00               [12]  359 	nop
      000028                        360 sdcc_atomic_compare_exchange_xdata_impl:
      000028 E0               [24]  361 	movx	a, @dptr
      000029 B5 02 02         [24]  362 	cjne	a, ar2, .+#5
      00002C EB               [12]  363 	mov	a, r3
      00002D F0               [24]  364 	movx	@dptr, a
      00002E 22               [24]  365 	ret
      00002F                        366 sdcc_atomic_exchange_rollback_end::
                                    367 
      00002F                        368 sdcc_atomic_exchange_gptr_impl::
      00002F 30 F6 E0         [24]  369 	jnb	b.6, sdcc_atomic_exchange_xdata_impl
      000032 A8 82            [24]  370 	mov	r0, dpl
      000034 20 F5 D3         [24]  371 	jb	b.5, sdcc_atomic_exchange_pdata_impl
      000037                        372 sdcc_atomic_exchange_idata_impl:
      000037 EA               [12]  373 	mov	a, r2
      000038 C6               [12]  374 	xch	a, @r0
      000039 F5 82            [12]  375 	mov	dpl, a
      00003B 22               [24]  376 	ret
      00003C                        377 sdcc_atomic_exchange_exit:
      00003C 8B 82            [24]  378 	mov	dpl, r3
      00003E 22               [24]  379 	ret
      00003F                        380 sdcc_atomic_compare_exchange_gptr_impl::
      00003F 30 F6 E6         [24]  381 	jnb	b.6, sdcc_atomic_compare_exchange_xdata_impl
      000042 A8 82            [24]  382 	mov	r0, dpl
      000044 20 F5 D9         [24]  383 	jb	b.5, sdcc_atomic_compare_exchange_pdata_impl
      000047 80 CF            [24]  384 	sjmp	sdcc_atomic_compare_exchange_idata_impl
                                    385 ;--------------------------------------------------------
                                    386 ; global & static initialisations
                                    387 ;--------------------------------------------------------
                                    388 	.area HOME    (CODE)
                                    389 	.area GSINIT  (CODE)
                                    390 	.area GSFINAL (CODE)
                                    391 	.area GSINIT  (CODE)
                                    392 	.globl __sdcc_gsinit_startup
                                    393 	.globl __sdcc_program_startup
                                    394 	.globl __start__stack
                                    395 	.globl __mcs51_genXINIT
                                    396 	.globl __mcs51_genXRAMCLEAR
                                    397 	.globl __mcs51_genRAMCLEAR
                                    398 	.area GSFINAL (CODE)
      000000 02r00r49         [24]  399 	ljmp	__sdcc_program_startup
                                    400 ;--------------------------------------------------------
                                    401 ; Home
                                    402 ;--------------------------------------------------------
                                    403 	.area HOME    (CODE)
                                    404 	.area HOME    (CODE)
      000049                        405 __sdcc_program_startup:
      000049 02r00r00         [24]  406 	ljmp	_main
                                    407 ;	return from main will return to caller
                                    408 ;--------------------------------------------------------
                                    409 ; code
                                    410 ;--------------------------------------------------------
                                    411 	.area CSEG    (CODE)
                                    412 ;------------------------------------------------------------
                                    413 ;Allocation info for local variables in function 'main'
                                    414 ;------------------------------------------------------------
                                    415 ;	/home/darknightghost/projects/AquariumFanController/firmware/source/main.c:3: void main()
                                    416 ;	-----------------------------------------
                                    417 ;	 function main
                                    418 ;	-----------------------------------------
      000000                        419 _main:
                           000007   420 	ar7 = 0x07
                           000006   421 	ar6 = 0x06
                           000005   422 	ar5 = 0x05
                           000004   423 	ar4 = 0x04
                           000003   424 	ar3 = 0x03
                           000002   425 	ar2 = 0x02
                           000001   426 	ar1 = 0x01
                           000000   427 	ar0 = 0x00
                                    428 ;	/home/darknightghost/projects/AquariumFanController/firmware/source/main.c:5: platform_init();
      000000 12r00r00         [24]  429 	lcall	_platform_init
                                    430 ;	/home/darknightghost/projects/AquariumFanController/firmware/source/main.c:6: while (1) {
      000003                        431 00102$:
                                    432 ;	/home/darknightghost/projects/AquariumFanController/firmware/source/main.c:8: }
      000003 80 FE            [24]  433 	sjmp	00102$
                                    434 	.area CSEG    (CODE)
                                    435 	.area CONST   (CODE)
                                    436 	.area XINIT   (CODE)
                                    437 	.area CABS    (ABS,CODE)
